<?xml version="1.0" encoding="UTF-8"?><testsuite errors="0" failures="0" name="serenity.features.search.SearchByKeywordStory" skipped="1" tests="5" time="37.03" timestamp="2020-04-120 01:24:34"><testcase classname="serenity.features.search.SearchByKeywordStory" name="Searching by keyword banana should display the corresponding article"/><testcase classname="serenity.features.search.SearchByKeywordStory" name="Searching by keyword pear should display the corresponding article"/><testcase classname="serenity.features.search.SearchByKeywordStory" name="Searching by keyword orange should display the corresponding article"/><testcase classname="serenity.features.search.SearchByKeywordStory" name="Searching by ambiguous keyword should display the disambiguation page"><skipped/></testcase><testcase classname="serenity.features.search.SearchByKeywordStory" name="Searching by keyword apple should display the corresponding article"/></testsuite>