<?xml version="1.0" encoding="UTF-8"?><testsuite errors="0" failures="0" name="serenity.features.search.SearchByKeywordStory" skipped="0" tests="4" time="54.39" timestamp="2020-04-120 01:48:56"><testcase classname="serenity.features.search.SearchByKeywordStory" name="Searching by keyword pineapple should display the corresponding article"/><testcase classname="serenity.features.search.SearchByKeywordStory" name="Searching by keyword pear should display the corresponding article"/><testcase classname="serenity.features.search.SearchByKeywordStory" name="Searching by keyword mango should display the corresponding article"/><testcase classname="serenity.features.search.SearchByKeywordStory" name="Searching by keyword apple should display the corresponding article"/></testsuite>