<?xml version="1.0" encoding="UTF-8"?><testsuite errors="1" failures="2" name="serenity.features.search.SearchByPriceDDT" skipped="4" tests="8" time="74.55" timestamp="2020-05-142 08:13:54"><testcase classname="serenity.features.search.SearchByPriceDDT" name="Search emag by product filter"><error message="&#10;Expected: a collection containing a string containing &quot;3.99999 Lei&quot;&#10;     but: was &quot;de la 2.20074 Lei&quot;, was &quot;de la 1.92999 Lei&quot;, was &quot;de la 85999 Lei&quot;, was &quot;de la 3.49999 Lei&quot;, was &quot;de la 2.99999 Lei&quot;, was &quot;de la 3.64999 Lei&quot;, was &quot;de la 3.49999 Lei&quot;, was &quot;de la 2.54999 Lei&quot;, was &quot;de la 2.64999 Lei&quot;, was &quot;de la 5.19999 Lei&quot;, was &quot;de la 3.04999 Lei&quot;, was &quot;de la 3.09999 Lei&quot;, was &quot;de la 1.80999 Lei&quot;, was &quot;de la 3.04999 Lei&quot;, was &quot;de la 3.04999 Lei&quot;, was &quot;de la 2.64999 Lei&quot;, was &quot;de la 2.69999 Lei&quot;, was &quot;de la 2.15999 Lei&quot;, was &quot;de la 2.07999 Lei&quot;, was &quot;de la 3.74999 Lei&quot;, was &quot;de la 2.54999 Lei&quot;, was &quot;de la 1.74999 Lei&quot;, was &quot;de la 2.74999 Lei&quot;, was &quot;de la 17.19999 Lei&quot;, was &quot;de la 1.46999 Lei&quot;, was &quot;de la 1.51999 Lei&quot;, was &quot;de la 2.42999 Lei&quot;, was &quot;de la 2.19999 Lei&quot;, was &quot;de la 6.79999 Lei&quot;, was &quot;de la 1.77999 Lei&quot;, was &quot;de la 1.32999 Lei&quot;, was &quot;de la 1.35999 Lei&quot;, was &quot;de la 2.18999 Lei&quot;, was &quot;de la 65999 Lei&quot;, was &quot;de la 3.49999 Lei&quot;, was &quot;de la 1.79999 Lei&quot;, was &quot;de la 1.39999 Lei&quot;, was &quot;de la 1.30999 Lei&quot;, was &quot;de la 4.09999 Lei&quot;, was &quot;de la 77499 Lei&quot;, was &quot;de la 5.00499 Lei&quot;, was &quot;de la 12.35313 Lei&quot;, was &quot;de la 1.80999 Lei&quot;, was &quot;de la 3.14999 Lei&quot;, was &quot;de la 1.49999 Lei&quot;, was &quot;de la 1.93999 Lei&quot;, was &quot;de la 2.19999 Lei&quot;, was &quot;de la 1.69999 Lei&quot;, was &quot;de la 3.79999 Lei&quot;, was &quot;de la 1.13999 Lei&quot;, was &quot;de la 3.79999 Lei&quot;, was &quot;de la 1.86999 Lei&quot;, was &quot;de la 2.10999 Lei&quot;, was &quot;de la 1.75999 Lei&quot;, was &quot;de la 1.75999 Lei&quot;, was &quot;de la 1.36999 Lei&quot;, was &quot;de la 3.04499 Lei&quot;, was &quot;de la 5.59999 Lei&quot;, was &quot;de la 3.84999 Lei&quot;, was &quot;de la 2.74999 Lei&quot;, was &quot;&quot;, was &quot;&quot;, was &quot;&quot;, was &quot;&quot;, was &quot;&quot;, was &quot;&quot;" type="java.lang.AssertionError">
Expected: a collection containing a string containing "3.99999 Lei"
     but: was "de la 2.20074 Lei", was "de la 1.92999 Lei", was "de la 85999 Lei", was "de la 3.49999 Lei", was "de la 2.99999 Lei", was "de la 3.64999 Lei", was "de la 3.49999 Lei", was "de la 2.54999 Lei", was "de la 2.64999 Lei", was "de la 5.19999 Lei", was "de la 3.04999 Lei", was "de la 3.09999 Lei", was "de la 1.80999 Lei", was "de la 3.04999 Lei", was "de la 3.04999 Lei", was "de la 2.64999 Lei", was "de la 2.69999 Lei", was "de la 2.15999 Lei", was "de la 2.07999 Lei", was "de la 3.74999 Lei", was "de la 2.54999 Lei", was "de la 1.74999 Lei", was "de la 2.74999 Lei", was "de la 17.19999 Lei", was "de la 1.46999 Lei", was "de la 1.51999 Lei", was "de la 2.42999 Lei", was "de la 2.19999 Lei", was "de la 6.79999 Lei", was "de la 1.77999 Lei", was "de la 1.32999 Lei", was "de la 1.35999 Lei", was "de la 2.18999 Lei", was "de la 65999 Lei", was "de la 3.49999 Lei", was "de la 1.79999 Lei", was "de la 1.39999 Lei", was "de la 1.30999 Lei", was "de la 4.09999 Lei", was "de la 77499 Lei", was "de la 5.00499 Lei", was "de la 12.35313 Lei", was "de la 1.80999 Lei", was "de la 3.14999 Lei", was "de la 1.49999 Lei", was "de la 1.93999 Lei", was "de la 2.19999 Lei", was "de la 1.69999 Lei", was "de la 3.79999 Lei", was "de la 1.13999 Lei", was "de la 3.79999 Lei", was "de la 1.86999 Lei", was "de la 2.10999 Lei", was "de la 1.75999 Lei", was "de la 1.75999 Lei", was "de la 1.36999 Lei", was "de la 3.04499 Lei", was "de la 5.59999 Lei", was "de la 3.84999 Lei", was "de la 2.74999 Lei", was "", was "", was "", was "", was "", was ""</error><system-err>
Expected: a collection containing a string containing "3.99999 Lei"
     but: was "de la 2.20074 Lei", was "de la 1.92999 Lei", was "de la 85999 Lei", was "de la 3.49999 Lei", was "de la 2.99999 Lei", was "de la 3.64999 Lei", was "de la 3.49999 Lei", was "de la 2.54999 Lei", was "de la 2.64999 Lei", was "de la 5.19999 Lei", was "de la 3.04999 Lei", was "de la 3.09999 Lei", was "de la 1.80999 Lei", was "de la 3.04999 Lei", was "de la 3.04999 Lei", was "de la 2.64999 Lei", was "de la 2.69999 Lei", was "de la 2.15999 Lei", was "de la 2.07999 Lei", was "de la 3.74999 Lei", was "de la 2.54999 Lei", was "de la 1.74999 Lei", was "de la 2.74999 Lei", was "de la 17.19999 Lei", was "de la 1.46999 Lei", was "de la 1.51999 Lei", was "de la 2.42999 Lei", was "de la 2.19999 Lei", was "de la 6.79999 Lei", was "de la 1.77999 Lei", was "de la 1.32999 Lei", was "de la 1.35999 Lei", was "de la 2.18999 Lei", was "de la 65999 Lei", was "de la 3.49999 Lei", was "de la 1.79999 Lei", was "de la 1.39999 Lei", was "de la 1.30999 Lei", was "de la 4.09999 Lei", was "de la 77499 Lei", was "de la 5.00499 Lei", was "de la 12.35313 Lei", was "de la 1.80999 Lei", was "de la 3.14999 Lei", was "de la 1.49999 Lei", was "de la 1.93999 Lei", was "de la 2.19999 Lei", was "de la 1.69999 Lei", was "de la 3.79999 Lei", was "de la 1.13999 Lei", was "de la 3.79999 Lei", was "de la 1.86999 Lei", was "de la 2.10999 Lei", was "de la 1.75999 Lei", was "de la 1.75999 Lei", was "de la 1.36999 Lei", was "de la 3.04499 Lei", was "de la 5.59999 Lei", was "de la 3.84999 Lei", was "de la 2.74999 Lei", was "", was "", was "", was "", was "", was ""
serenity.steps.serenity.EmagEndUserSteps.should_see_price(EmagEndUserSteps.java:26)
serenity.features.search.SearchByPriceDDT.searchEmagByProductFilter(SearchByPriceDDT.java:57)
java.base/jdk.internal.reflect.NativeMethodAccessorImpl.invoke0(Native Method)
java.base/jdk.internal.reflect.NativeMethodAccessorImpl.invoke(NativeMethodAccessorImpl.java:62)
java.base/jdk.internal.reflect.DelegatingMethodAccessorImpl.invoke(DelegatingMethodAccessorImpl.java:43)
</system-err></testcase><testcase classname="serenity.features.search.SearchByPriceDDT" name="Search emag by product"><failure message="&#10;Expected: a collection containing a string containing &quot;8459989 Lei&quot;&#10;     but: was &quot;84099 Lei&quot;, was &quot;1.11999 Lei&quot;, was &quot;57999 Lei&quot;, was &quot;1.99900 Lei&quot;, was &quot;99692 Lei&quot;, was &quot;34999 Lei&quot;, was &quot;49999 Lei&quot;, was &quot;1.99999 Lei&quot;, was &quot;54999 Lei&quot;, was &quot;44999 Lei&quot;, was &quot;79999 Lei&quot;, was &quot;1.21251 Lei&quot;, was &quot;1.63999 Lei&quot;, was &quot;79999 Lei&quot;, was &quot;2.29999 Lei&quot;, was &quot;2.79999 Lei&quot;, was &quot;89999 Lei&quot;, was &quot;1.75999 Lei&quot;, was &quot;44999 Lei&quot;, was &quot;1.86999 Lei&quot;, was &quot;1.49999 Lei&quot;, was &quot;64999 Lei&quot;, was &quot;1.54999 Lei&quot;, was &quot;1.39999 Lei&quot;, was &quot;2.79999 Lei&quot;, was &quot;3.59999 Lei&quot;, was &quot;2.37999 Lei&quot;, was &quot;2.08599 Lei&quot;, was &quot;7.39999 Lei&quot;, was &quot;71554 Lei&quot;, was &quot;1.88999 Lei&quot;, was &quot;69999 Lei&quot;, was &quot;3.32704 Lei&quot;, was &quot;2.49999 Lei&quot;, was &quot;1.68499 Lei&quot;, was &quot;1.58000 Lei&quot;, was &quot;80999 Lei&quot;, was &quot;2.74999 Lei&quot;, was &quot;2.29999 Lei&quot;, was &quot;2.09999 Lei&quot;, was &quot;21500 Lei&quot;, was &quot;2.59999 Lei&quot;, was &quot;1.79999 Lei&quot;, was &quot;52500 Lei&quot;, was &quot;3.18999 Lei&quot;, was &quot;2.19999 Lei&quot;, was &quot;59999 Lei&quot;, was &quot;57050 Lei&quot;, was &quot;57500 Lei&quot;, was &quot;74991 Lei&quot;, was &quot;52900 Lei&quot;, was &quot;69999 Lei&quot;, was &quot;86956 Lei&quot;, was &quot;1.88899 Lei&quot;, was &quot;55199 Lei&quot;, was &quot;1.14999 Lei&quot;, was &quot;3.51999 Lei&quot;, was &quot;37999 Lei&quot;, was &quot;64989 Lei&quot;, was &quot;2.19999 Lei&quot;, was &quot;&quot;, was &quot;&quot;, was &quot;&quot;, was &quot;&quot;, was &quot;&quot;, was &quot;&quot;" type="java.lang.AssertionError">
Expected: a collection containing a string containing "8459989 Lei"
     but: was "84099 Lei", was "1.11999 Lei", was "57999 Lei", was "1.99900 Lei", was "99692 Lei", was "34999 Lei", was "49999 Lei", was "1.99999 Lei", was "54999 Lei", was "44999 Lei", was "79999 Lei", was "1.21251 Lei", was "1.63999 Lei", was "79999 Lei", was "2.29999 Lei", was "2.79999 Lei", was "89999 Lei", was "1.75999 Lei", was "44999 Lei", was "1.86999 Lei", was "1.49999 Lei", was "64999 Lei", was "1.54999 Lei", was "1.39999 Lei", was "2.79999 Lei", was "3.59999 Lei", was "2.37999 Lei", was "2.08599 Lei", was "7.39999 Lei", was "71554 Lei", was "1.88999 Lei", was "69999 Lei", was "3.32704 Lei", was "2.49999 Lei", was "1.68499 Lei", was "1.58000 Lei", was "80999 Lei", was "2.74999 Lei", was "2.29999 Lei", was "2.09999 Lei", was "21500 Lei", was "2.59999 Lei", was "1.79999 Lei", was "52500 Lei", was "3.18999 Lei", was "2.19999 Lei", was "59999 Lei", was "57050 Lei", was "57500 Lei", was "74991 Lei", was "52900 Lei", was "69999 Lei", was "86956 Lei", was "1.88899 Lei", was "55199 Lei", was "1.14999 Lei", was "3.51999 Lei", was "37999 Lei", was "64989 Lei", was "2.19999 Lei", was "", was "", was "", was "", was "", was ""</failure><system-err>
Expected: a collection containing a string containing "8459989 Lei"
     but: was "84099 Lei", was "1.11999 Lei", was "57999 Lei", was "1.99900 Lei", was "99692 Lei", was "34999 Lei", was "49999 Lei", was "1.99999 Lei", was "54999 Lei", was "44999 Lei", was "79999 Lei", was "1.21251 Lei", was "1.63999 Lei", was "79999 Lei", was "2.29999 Lei", was "2.79999 Lei", was "89999 Lei", was "1.75999 Lei", was "44999 Lei", was "1.86999 Lei", was "1.49999 Lei", was "64999 Lei", was "1.54999 Lei", was "1.39999 Lei", was "2.79999 Lei", was "3.59999 Lei", was "2.37999 Lei", was "2.08599 Lei", was "7.39999 Lei", was "71554 Lei", was "1.88999 Lei", was "69999 Lei", was "3.32704 Lei", was "2.49999 Lei", was "1.68499 Lei", was "1.58000 Lei", was "80999 Lei", was "2.74999 Lei", was "2.29999 Lei", was "2.09999 Lei", was "21500 Lei", was "2.59999 Lei", was "1.79999 Lei", was "52500 Lei", was "3.18999 Lei", was "2.19999 Lei", was "59999 Lei", was "57050 Lei", was "57500 Lei", was "74991 Lei", was "52900 Lei", was "69999 Lei", was "86956 Lei", was "1.88899 Lei", was "55199 Lei", was "1.14999 Lei", was "3.51999 Lei", was "37999 Lei", was "64989 Lei", was "2.19999 Lei", was "", was "", was "", was "", was "", was ""
serenity.steps.serenity.EmagEndUserSteps.should_see_price(EmagEndUserSteps.java:26)
serenity.features.search.SearchByPriceDDT.searchEmagByProduct(SearchByPriceDDT.java:45)
java.base/jdk.internal.reflect.NativeMethodAccessorImpl.invoke0(Native Method)
java.base/jdk.internal.reflect.NativeMethodAccessorImpl.invoke(NativeMethodAccessorImpl.java:62)
java.base/jdk.internal.reflect.DelegatingMethodAccessorImpl.invoke(DelegatingMethodAccessorImpl.java:43)
</system-err></testcase></testsuite>