<?xml version="1.0" encoding="UTF-8"?><testsuite errors="0" failures="1" name="serenity.features.search.SearchByPriceDDT" skipped="0" tests="2" time="35.86" timestamp="2020-05-133 11:12:06"><testcase classname="serenity.features.search.SearchByPriceDDT" name="Search emag by product"><failure message="&#10;Expected: a collection containing a string containing &quot;8459989 Lei&quot;&#10;     but: was &quot;84599 Lei&quot;, was &quot;1.11999 Lei&quot;, was &quot;57999 Lei&quot;, was &quot;80432 Lei&quot;, was &quot;1.99900 Lei&quot;, was &quot;99599 Lei&quot;, was &quot;1.02559 Lei&quot;, was &quot;34999 Lei&quot;, was &quot;1.99999 Lei&quot;, was &quot;54999 Lei&quot;, was &quot;79999 Lei&quot;, was &quot;54999 Lei&quot;, was &quot;1.63999 Lei&quot;, was &quot;2.29999 Lei&quot;, was &quot;79999 Lei&quot;, was &quot;44999 Lei&quot;, was &quot;98899 Lei&quot;, was &quot;2.79999 Lei&quot;, was &quot;1.21999 Lei&quot;, was &quot;1.41999 Lei&quot;, was &quot;99999 Lei&quot;, was &quot;1.86999 Lei&quot;, was &quot;1.69999 Lei&quot;, was &quot;44999 Lei&quot;, was &quot;64999 Lei&quot;, was &quot;2.79999 Lei&quot;, was &quot;89999 Lei&quot;, was &quot;1.54999 Lei&quot;, was &quot;2.59999 Lei&quot;, was &quot;2.37999 Lei&quot;, was &quot;71521 Lei&quot;, was &quot;1.49999 Lei&quot;, was &quot;1.39999 Lei&quot;, was &quot;82599 Lei&quot;, was &quot;3.59999 Lei&quot;, was &quot;1.88999 Lei&quot;, was &quot;2.08599 Lei&quot;, was &quot;2.49999 Lei&quot;, was &quot;8.85500 Lei&quot;, was &quot;2.74999 Lei&quot;, was &quot;77900 Lei&quot;, was &quot;2.29999 Lei&quot;, was &quot;52499 Lei&quot;, was &quot;2.19999 Lei&quot;, was &quot;84999 Lei&quot;, was &quot;1.68499 Lei&quot;, was &quot;2.49999 Lei&quot;, was &quot;99999 Lei&quot;, was &quot;79999 Lei&quot;, was &quot;2.19999 Lei&quot;, was &quot;3.34999 Lei&quot;, was &quot;69999 Lei&quot;, was &quot;2.69999 Lei&quot;, was &quot;2.19999 Lei&quot;, was &quot;1.79999 Lei&quot;, was &quot;41520 Lei&quot;, was &quot;57500 Lei&quot;, was &quot;1.49999 Lei&quot;, was &quot;88100 Lei&quot;, was &quot;1.39999 Lei&quot;, was &quot;&quot;, was &quot;&quot;, was &quot;&quot;, was &quot;&quot;, was &quot;&quot;, was &quot;&quot;" type="java.lang.AssertionError">
Expected: a collection containing a string containing "8459989 Lei"
     but: was "84599 Lei", was "1.11999 Lei", was "57999 Lei", was "80432 Lei", was "1.99900 Lei", was "99599 Lei", was "1.02559 Lei", was "34999 Lei", was "1.99999 Lei", was "54999 Lei", was "79999 Lei", was "54999 Lei", was "1.63999 Lei", was "2.29999 Lei", was "79999 Lei", was "44999 Lei", was "98899 Lei", was "2.79999 Lei", was "1.21999 Lei", was "1.41999 Lei", was "99999 Lei", was "1.86999 Lei", was "1.69999 Lei", was "44999 Lei", was "64999 Lei", was "2.79999 Lei", was "89999 Lei", was "1.54999 Lei", was "2.59999 Lei", was "2.37999 Lei", was "71521 Lei", was "1.49999 Lei", was "1.39999 Lei", was "82599 Lei", was "3.59999 Lei", was "1.88999 Lei", was "2.08599 Lei", was "2.49999 Lei", was "8.85500 Lei", was "2.74999 Lei", was "77900 Lei", was "2.29999 Lei", was "52499 Lei", was "2.19999 Lei", was "84999 Lei", was "1.68499 Lei", was "2.49999 Lei", was "99999 Lei", was "79999 Lei", was "2.19999 Lei", was "3.34999 Lei", was "69999 Lei", was "2.69999 Lei", was "2.19999 Lei", was "1.79999 Lei", was "41520 Lei", was "57500 Lei", was "1.49999 Lei", was "88100 Lei", was "1.39999 Lei", was "", was "", was "", was "", was "", was ""</failure><system-err>
Expected: a collection containing a string containing "8459989 Lei"
     but: was "84599 Lei", was "1.11999 Lei", was "57999 Lei", was "80432 Lei", was "1.99900 Lei", was "99599 Lei", was "1.02559 Lei", was "34999 Lei", was "1.99999 Lei", was "54999 Lei", was "79999 Lei", was "54999 Lei", was "1.63999 Lei", was "2.29999 Lei", was "79999 Lei", was "44999 Lei", was "98899 Lei", was "2.79999 Lei", was "1.21999 Lei", was "1.41999 Lei", was "99999 Lei", was "1.86999 Lei", was "1.69999 Lei", was "44999 Lei", was "64999 Lei", was "2.79999 Lei", was "89999 Lei", was "1.54999 Lei", was "2.59999 Lei", was "2.37999 Lei", was "71521 Lei", was "1.49999 Lei", was "1.39999 Lei", was "82599 Lei", was "3.59999 Lei", was "1.88999 Lei", was "2.08599 Lei", was "2.49999 Lei", was "8.85500 Lei", was "2.74999 Lei", was "77900 Lei", was "2.29999 Lei", was "52499 Lei", was "2.19999 Lei", was "84999 Lei", was "1.68499 Lei", was "2.49999 Lei", was "99999 Lei", was "79999 Lei", was "2.19999 Lei", was "3.34999 Lei", was "69999 Lei", was "2.69999 Lei", was "2.19999 Lei", was "1.79999 Lei", was "41520 Lei", was "57500 Lei", was "1.49999 Lei", was "88100 Lei", was "1.39999 Lei", was "", was "", was "", was "", was "", was ""
serenity.steps.serenity.EmagEndUserSteps.should_see_price(EmagEndUserSteps.java:26)
serenity.features.search.SearchByPriceDDT.searchEmagByProduct(SearchByPriceDDT.java:48)
java.base/jdk.internal.reflect.NativeMethodAccessorImpl.invoke0(Native Method)
java.base/jdk.internal.reflect.NativeMethodAccessorImpl.invoke(NativeMethodAccessorImpl.java:62)
java.base/jdk.internal.reflect.DelegatingMethodAccessorImpl.invoke(DelegatingMethodAccessorImpl.java:43)
</system-err></testcase></testsuite>